<?xml version="1.0" encoding="UTF-8"?>
<!-- Generated by org.testng.reporters.JUnitReportReporter -->
<testsuite hostname="DESKTOP-H21MM63" name="Seleniumexcercise.TestNGDemo" tests="1" failures="0" timestamp="6 Apr 2021 13:29:25 GMT" time="0.043" errors="0">
  <testcase name="demo" time="0.043" classname="Seleniumexcercise.TestNGDemo"/>
</testsuite> <!-- Seleniumexcercise.TestNGDemo -->
