<?xml version="1.0" encoding="UTF-8"?>
<!-- Generated by org.testng.reporters.JUnitReportReporter -->
<testsuite hostname="DESKTOP-H21MM63" name="com.indeedsearch.TestListenerDemo" tests="1" failures="0" timestamp="6 Apr 2021 13:49:06 GMT" time="7.254" errors="0">
  <testcase name="loginParameters" time="7.254" classname="com.indeedsearch.TestListenerDemo"/>
</testsuite> <!-- com.indeedsearch.TestListenerDemo -->
