<?xml version="1.0" encoding="UTF-8"?>
<!-- Generated by org.testng.reporters.JUnitReportReporter -->
<testsuite hostname="DESKTOP-H21MM63" name="Seleniumexcercise.Hello2" tests="1" failures="0" timestamp="8 Apr 2021 13:51:35 GMT" time="0.021" errors="0">
  <testcase name="hello" time="0.021" classname="Seleniumexcercise.Hello2"/>
</testsuite> <!-- Seleniumexcercise.Hello2 -->
